[2023-01-29 10:25:25.305] [spdlog] [info] init grpc server...
[2023-01-29 10:25:25.306] [spdlog] [info] grpc listing port: 172.24.201.184:50052
[2023-01-29 10:25:25.309] [spdlog] [info] grpc build and start successful!
[2023-01-29 10:25:25.309] [spdlog] [info] 开启心跳定时器成功! 定时器将于2秒后开始运行...
[2023-01-29 10:25:25.309] [spdlog] [info] grpc server start wait!
[2023-01-29 10:25:48.045] [spdlog] [warning] grpc server shutdown!
[2023-01-29 10:44:41.907] [spdlog] [info] init grpc server...
[2023-01-29 10:44:41.907] [spdlog] [info] grpc listing port: 172.24.201.184:50052
[2023-01-29 10:44:41.908] [spdlog] [info] grpc build and start successful!
[2023-01-29 10:44:41.908] [spdlog] [info] 开启心跳定时器成功! 定时器将于2秒后开始运行...
[2023-01-29 10:44:41.908] [spdlog] [info] grpc server start wait!
[2023-01-29 10:44:48.828] [spdlog] [info] method(genkey): device_id = 1e2158d6c307ad05
[2023-01-29 10:44:48.829] [spdlog] [info] reply body: {"code":200,"msg":"OK","reply":{"key":"A2U52h","url":"rtmp://192.168.0.107:50051/live/A2U52h"}}
[2023-01-29 10:44:50.768] [spdlog] [info] method(heart_beat): id = A2U52h
[2023-01-29 10:44:50.768] [spdlog] [info] 客户端回调开启 {"method":"message_callback","id":"A2U52h"}
[2023-01-29 10:44:50.769] [spdlog] [info] reply body: {"code":200,"msg":"OK","reply":""}
[2023-01-29 10:44:50.770] [spdlog] [info] method(message_callback): id = A2U52h
[2023-01-29 10:44:51.835] [spdlog] [info] method(heart_beat): id = A2U52h
[2023-01-29 10:44:51.836] [spdlog] [info] reply body: {"code":200,"msg":"OK","reply":""}
[2023-01-29 10:44:52.913] [spdlog] [info] method(heart_beat): id = A2U52h
[2023-01-29 10:44:52.913] [spdlog] [info] reply body: {"code":200,"msg":"OK","reply":""}
[2023-01-29 10:44:53.983] [spdlog] [info] method(heart_beat): id = A2U52h
[2023-01-29 10:44:53.983] [spdlog] [info] reply body: {"code":200,"msg":"OK","reply":""}
[2023-01-29 10:44:55.080] [spdlog] [info] method(heart_beat): id = A2U52h
[2023-01-29 10:44:55.080] [spdlog] [info] reply body: {"code":200,"msg":"OK","reply":""}
[2023-01-29 10:44:56.181] [spdlog] [info] method(heart_beat): id = A2U52h
[2023-01-29 10:44:56.181] [spdlog] [info] reply body: {"code":200,"msg":"OK","reply":""}
[2023-01-29 10:44:57.262] [spdlog] [info] method(heart_beat): id = A2U52h
[2023-01-29 10:44:57.263] [spdlog] [info] reply body: {"code":200,"msg":"OK","reply":""}
[2023-01-29 10:44:58.339] [spdlog] [info] method(heart_beat): id = A2U52h
[2023-01-29 10:44:58.340] [spdlog] [info] reply body: {"code":200,"msg":"OK","reply":""}
[2023-01-29 10:44:59.429] [spdlog] [info] method(heart_beat): id = A2U52h
[2023-01-29 10:44:59.430] [spdlog] [info] reply body: {"code":200,"msg":"OK","reply":""}
[2023-01-29 10:45:00.510] [spdlog] [info] method(heart_beat): id = A2U52h
[2023-01-29 10:45:00.510] [spdlog] [info] reply body: {"code":200,"msg":"OK","reply":""}
[2023-01-29 10:45:01.629] [spdlog] [info] method(heart_beat): id = A2U52h
[2023-01-29 10:45:01.630] [spdlog] [info] reply body: {"code":200,"msg":"OK","reply":""}
[2023-01-29 10:45:02.725] [spdlog] [info] method(heart_beat): id = A2U52h
[2023-01-29 10:45:02.725] [spdlog] [info] reply body: {"code":200,"msg":"OK","reply":""}
[2023-01-29 10:45:03.809] [spdlog] [info] method(heart_beat): id = A2U52h
[2023-01-29 10:45:03.809] [spdlog] [info] reply body: {"code":200,"msg":"OK","reply":""}
[2023-01-29 10:45:04.889] [spdlog] [info] method(heart_beat): id = A2U52h
[2023-01-29 10:45:04.889] [spdlog] [info] reply body: {"code":200,"msg":"OK","reply":""}
[2023-01-29 10:45:05.986] [spdlog] [info] method(heart_beat): id = A2U52h
[2023-01-29 10:45:05.987] [spdlog] [info] reply body: {"code":200,"msg":"OK","reply":""}
[2023-01-29 10:45:07.088] [spdlog] [info] method(heart_beat): id = A2U52h
[2023-01-29 10:45:07.088] [spdlog] [info] reply body: {"code":200,"msg":"OK","reply":""}
[2023-01-29 10:45:08.049] [spdlog] [info] method(get_device_info): user = client, key = A2U52h
[2023-01-29 10:45:08.049] [spdlog] [info] reply body: {"code":200,"msg":"OK","reply":{"name":"unknow","rtmp_url":"rtmp://192.168.0.107:50051/live/A2U52h"}}
[2023-01-29 10:45:08.171] [spdlog] [info] method(heart_beat): id = A2U52h
[2023-01-29 10:45:08.171] [spdlog] [info] reply body: {"code":200,"msg":"OK","reply":""}
[2023-01-29 10:45:09.254] [spdlog] [info] method(heart_beat): id = A2U52h
[2023-01-29 10:45:09.254] [spdlog] [info] reply body: {"code":200,"msg":"OK","reply":""}
[2023-01-29 10:45:10.338] [spdlog] [info] method(heart_beat): id = A2U52h
[2023-01-29 10:45:10.338] [spdlog] [info] reply body: {"code":200,"msg":"OK","reply":""}
[2023-01-29 10:45:11.416] [spdlog] [info] method(heart_beat): id = A2U52h
[2023-01-29 10:45:11.416] [spdlog] [info] reply body: {"code":200,"msg":"OK","reply":""}
[2023-01-29 10:45:12.522] [spdlog] [info] method(heart_beat): id = A2U52h
[2023-01-29 10:45:12.522] [spdlog] [info] reply body: {"code":200,"msg":"OK","reply":""}
[2023-01-29 10:45:13.614] [spdlog] [info] method(heart_beat): id = A2U52h
[2023-01-29 10:45:13.614] [spdlog] [info] reply body: {"code":200,"msg":"OK","reply":""}
[2023-01-29 10:45:14.695] [spdlog] [info] method(heart_beat): id = A2U52h
[2023-01-29 10:45:14.695] [spdlog] [info] reply body: {"code":200,"msg":"OK","reply":""}
[2023-01-29 10:45:15.777] [spdlog] [info] method(heart_beat): id = A2U52h
[2023-01-29 10:45:15.777] [spdlog] [info] reply body: {"code":200,"msg":"OK","reply":""}
[2023-01-29 10:45:16.856] [spdlog] [info] method(heart_beat): id = A2U52h
[2023-01-29 10:45:16.856] [spdlog] [info] reply body: {"code":200,"msg":"OK","reply":""}
[2023-01-29 10:45:17.947] [spdlog] [info] method(heart_beat): id = A2U52h
[2023-01-29 10:45:17.947] [spdlog] [info] reply body: {"code":200,"msg":"OK","reply":""}
[2023-01-29 10:45:19.028] [spdlog] [info] method(heart_beat): id = A2U52h
[2023-01-29 10:45:19.028] [spdlog] [info] reply body: {"code":200,"msg":"OK","reply":""}
[2023-01-29 10:45:20.131] [spdlog] [info] method(heart_beat): id = A2U52h
[2023-01-29 10:45:20.131] [spdlog] [info] reply body: {"code":200,"msg":"OK","reply":""}
[2023-01-29 10:45:21.205] [spdlog] [info] method(heart_beat): id = A2U52h
[2023-01-29 10:45:21.206] [spdlog] [info] reply body: {"code":200,"msg":"OK","reply":""}
[2023-01-29 10:45:22.281] [spdlog] [info] method(heart_beat): id = A2U52h
[2023-01-29 10:45:22.281] [spdlog] [info] reply body: {"code":200,"msg":"OK","reply":""}
[2023-01-29 10:45:23.361] [spdlog] [info] method(heart_beat): id = A2U52h
[2023-01-29 10:45:23.361] [spdlog] [info] reply body: {"code":200,"msg":"OK","reply":""}
[2023-01-29 10:45:24.434] [spdlog] [info] method(heart_beat): id = A2U52h
[2023-01-29 10:45:24.434] [spdlog] [info] reply body: {"code":200,"msg":"OK","reply":""}
[2023-01-29 10:45:25.508] [spdlog] [info] method(heart_beat): id = A2U52h
[2023-01-29 10:45:25.508] [spdlog] [info] reply body: {"code":200,"msg":"OK","reply":""}
[2023-01-29 10:45:26.602] [spdlog] [info] method(heart_beat): id = A2U52h
[2023-01-29 10:45:26.602] [spdlog] [info] reply body: {"code":200,"msg":"OK","reply":""}
[2023-01-29 10:45:27.714] [spdlog] [info] method(heart_beat): id = A2U52h
[2023-01-29 10:45:27.714] [spdlog] [info] reply body: {"code":200,"msg":"OK","reply":""}
[2023-01-29 10:45:28.807] [spdlog] [info] method(heart_beat): id = A2U52h
[2023-01-29 10:45:28.807] [spdlog] [info] reply body: {"code":200,"msg":"OK","reply":""}
[2023-01-29 10:45:29.878] [spdlog] [info] method(heart_beat): id = A2U52h
[2023-01-29 10:45:29.879] [spdlog] [info] reply body: {"code":200,"msg":"OK","reply":""}
[2023-01-29 10:45:30.953] [spdlog] [info] method(heart_beat): id = A2U52h
[2023-01-29 10:45:30.953] [spdlog] [info] reply body: {"code":200,"msg":"OK","reply":""}
[2023-01-29 10:45:32.021] [spdlog] [info] method(heart_beat): id = A2U52h
[2023-01-29 10:45:32.022] [spdlog] [info] reply body: {"code":200,"msg":"OK","reply":""}
[2023-01-29 10:45:33.107] [spdlog] [info] method(heart_beat): id = A2U52h
[2023-01-29 10:45:33.107] [spdlog] [info] reply body: {"code":200,"msg":"OK","reply":""}
[2023-01-29 10:45:34.204] [spdlog] [info] method(heart_beat): id = A2U52h
[2023-01-29 10:45:34.204] [spdlog] [info] reply body: {"code":200,"msg":"OK","reply":""}
[2023-01-29 10:45:35.298] [spdlog] [info] method(heart_beat): id = A2U52h
[2023-01-29 10:45:35.298] [spdlog] [info] reply body: {"code":200,"msg":"OK","reply":""}
[2023-01-29 10:45:36.378] [spdlog] [info] method(heart_beat): id = A2U52h
[2023-01-29 10:45:36.378] [spdlog] [info] reply body: {"code":200,"msg":"OK","reply":""}
[2023-01-29 10:45:37.464] [spdlog] [info] method(heart_beat): id = A2U52h
[2023-01-29 10:45:37.464] [spdlog] [info] reply body: {"code":200,"msg":"OK","reply":""}
[2023-01-29 10:45:38.527] [spdlog] [info] method(heart_beat): id = A2U52h
[2023-01-29 10:45:38.527] [spdlog] [info] reply body: {"code":200,"msg":"OK","reply":""}
[2023-01-29 10:45:39.620] [spdlog] [info] method(heart_beat): id = A2U52h
[2023-01-29 10:45:39.620] [spdlog] [info] reply body: {"code":200,"msg":"OK","reply":""}
[2023-01-29 10:45:40.714] [spdlog] [info] method(heart_beat): id = A2U52h
[2023-01-29 10:45:40.714] [spdlog] [info] reply body: {"code":200,"msg":"OK","reply":""}
[2023-01-29 10:45:41.793] [spdlog] [info] method(heart_beat): id = A2U52h
[2023-01-29 10:45:41.793] [spdlog] [info] reply body: {"code":200,"msg":"OK","reply":""}
[2023-01-29 10:45:42.691] [spdlog] [info] method(device_quit): id = A2U52h
[2023-01-29 10:45:42.691] [spdlog] [info] reply body: {"code":200,"msg":"OK","reply":""}
[2023-01-29 10:45:42.871] [spdlog] [info] method(heart_beat): id = A2U52h
[2023-01-29 10:45:42.871] [spdlog] [info] reply body: {"code":200,"msg":"OK","reply":""}
[2023-01-29 10:45:43.952] [spdlog] [info] method(heart_beat): id = A2U52h
[2023-01-29 10:45:43.953] [spdlog] [info] reply body: {"code":200,"msg":"OK","reply":""}
[2023-01-29 10:45:45.026] [spdlog] [info] method(heart_beat): id = A2U52h
[2023-01-29 10:45:45.027] [spdlog] [info] reply body: {"code":200,"msg":"OK","reply":""}
[2023-01-29 10:45:46.120] [spdlog] [info] method(heart_beat): id = A2U52h
[2023-01-29 10:45:46.120] [spdlog] [info] reply body: {"code":200,"msg":"OK","reply":""}
[2023-01-29 10:45:47.199] [spdlog] [info] method(heart_beat): id = A2U52h
[2023-01-29 10:45:47.199] [spdlog] [info] reply body: {"code":200,"msg":"OK","reply":""}
[2023-01-29 10:45:48.271] [spdlog] [info] method(heart_beat): id = A2U52h
[2023-01-29 10:45:48.271] [spdlog] [info] reply body: {"code":200,"msg":"OK","reply":""}
[2023-01-29 10:45:49.341] [spdlog] [info] method(heart_beat): id = A2U52h
[2023-01-29 10:45:49.341] [spdlog] [info] reply body: {"code":200,"msg":"OK","reply":""}
[2023-01-29 10:45:50.426] [spdlog] [info] method(heart_beat): id = A2U52h
[2023-01-29 10:45:50.426] [spdlog] [info] reply body: {"code":200,"msg":"OK","reply":""}
[2023-01-29 10:45:51.518] [spdlog] [info] method(heart_beat): id = A2U52h
[2023-01-29 10:45:51.518] [spdlog] [info] reply body: {"code":200,"msg":"OK","reply":""}
[2023-01-29 10:45:52.605] [spdlog] [info] method(heart_beat): id = A2U52h
[2023-01-29 10:45:52.605] [spdlog] [info] reply body: {"code":200,"msg":"OK","reply":""}
[2023-01-29 10:45:53.707] [spdlog] [info] method(heart_beat): id = A2U52h
[2023-01-29 10:45:53.707] [spdlog] [info] reply body: {"code":200,"msg":"OK","reply":""}
[2023-01-29 10:45:54.789] [spdlog] [info] method(heart_beat): id = A2U52h
[2023-01-29 10:45:54.790] [spdlog] [info] reply body: {"code":200,"msg":"OK","reply":""}
[2023-01-29 10:45:55.858] [spdlog] [info] method(heart_beat): id = A2U52h
[2023-01-29 10:45:55.858] [spdlog] [info] reply body: {"code":200,"msg":"OK","reply":""}
[2023-01-29 10:45:56.949] [spdlog] [info] method(heart_beat): id = A2U52h
[2023-01-29 10:45:56.949] [spdlog] [info] reply body: {"code":200,"msg":"OK","reply":""}
[2023-01-29 10:45:58.040] [spdlog] [info] method(heart_beat): id = A2U52h
[2023-01-29 10:45:58.041] [spdlog] [info] reply body: {"code":200,"msg":"OK","reply":""}
[2023-01-29 10:45:59.127] [spdlog] [info] method(heart_beat): id = A2U52h
[2023-01-29 10:45:59.128] [spdlog] [info] reply body: {"code":200,"msg":"OK","reply":""}
[2023-01-29 10:46:00.221] [spdlog] [info] method(heart_beat): id = A2U52h
[2023-01-29 10:46:00.222] [spdlog] [info] reply body: {"code":200,"msg":"OK","reply":""}
[2023-01-29 10:46:01.304] [spdlog] [info] method(heart_beat): id = A2U52h
[2023-01-29 10:46:01.304] [spdlog] [info] reply body: {"code":200,"msg":"OK","reply":""}
[2023-01-29 10:46:02.402] [spdlog] [info] method(heart_beat): id = A2U52h
[2023-01-29 10:46:02.402] [spdlog] [info] reply body: {"code":200,"msg":"OK","reply":""}
[2023-01-29 10:46:03.507] [spdlog] [info] method(heart_beat): id = A2U52h
[2023-01-29 10:46:03.507] [spdlog] [info] reply body: {"code":200,"msg":"OK","reply":""}
[2023-01-29 10:46:04.607] [spdlog] [info] method(heart_beat): id = A2U52h
[2023-01-29 10:46:04.607] [spdlog] [info] reply body: {"code":200,"msg":"OK","reply":""}
[2023-01-29 10:46:05.694] [spdlog] [info] method(heart_beat): id = A2U52h
[2023-01-29 10:46:05.695] [spdlog] [info] reply body: {"code":200,"msg":"OK","reply":""}
[2023-01-29 10:46:06.768] [spdlog] [info] method(heart_beat): id = A2U52h
[2023-01-29 10:46:06.768] [spdlog] [info] reply body: {"code":200,"msg":"OK","reply":""}
[2023-01-29 10:46:07.857] [spdlog] [info] method(heart_beat): id = A2U52h
[2023-01-29 10:46:07.858] [spdlog] [info] reply body: {"code":200,"msg":"OK","reply":""}
[2023-01-29 10:46:08.953] [spdlog] [info] method(heart_beat): id = A2U52h
[2023-01-29 10:46:08.953] [spdlog] [info] reply body: {"code":200,"msg":"OK","reply":""}
[2023-01-29 10:46:10.049] [spdlog] [info] method(heart_beat): id = A2U52h
[2023-01-29 10:46:10.049] [spdlog] [info] reply body: {"code":200,"msg":"OK","reply":""}
[2023-01-29 10:46:11.147] [spdlog] [info] method(heart_beat): id = A2U52h
[2023-01-29 10:46:11.147] [spdlog] [info] reply body: {"code":200,"msg":"OK","reply":""}
[2023-01-29 10:46:12.238] [spdlog] [info] method(heart_beat): id = A2U52h
[2023-01-29 10:46:12.238] [spdlog] [info] reply body: {"code":200,"msg":"OK","reply":""}
[2023-01-29 10:46:13.340] [spdlog] [info] method(heart_beat): id = A2U52h
[2023-01-29 10:46:13.340] [spdlog] [info] reply body: {"code":200,"msg":"OK","reply":""}
[2023-01-29 10:46:14.435] [spdlog] [info] method(heart_beat): id = A2U52h
[2023-01-29 10:46:14.435] [spdlog] [info] reply body: {"code":200,"msg":"OK","reply":""}
[2023-01-29 10:46:15.529] [spdlog] [info] method(heart_beat): id = A2U52h
[2023-01-29 10:46:15.529] [spdlog] [info] reply body: {"code":200,"msg":"OK","reply":""}
[2023-01-29 10:46:16.620] [spdlog] [info] method(heart_beat): id = A2U52h
[2023-01-29 10:46:16.621] [spdlog] [info] reply body: {"code":200,"msg":"OK","reply":""}
[2023-01-29 10:46:17.703] [spdlog] [info] method(heart_beat): id = A2U52h
[2023-01-29 10:46:17.704] [spdlog] [info] reply body: {"code":200,"msg":"OK","reply":""}
[2023-01-29 10:46:18.799] [spdlog] [info] method(heart_beat): id = A2U52h
[2023-01-29 10:46:18.799] [spdlog] [info] reply body: {"code":200,"msg":"OK","reply":""}
[2023-01-29 10:46:19.892] [spdlog] [info] method(heart_beat): id = A2U52h
[2023-01-29 10:46:19.892] [spdlog] [info] reply body: {"code":200,"msg":"OK","reply":""}
[2023-01-29 10:46:20.993] [spdlog] [info] method(heart_beat): id = A2U52h
[2023-01-29 10:46:20.993] [spdlog] [info] reply body: {"code":200,"msg":"OK","reply":""}
[2023-01-29 10:46:22.095] [spdlog] [info] method(heart_beat): id = A2U52h
[2023-01-29 10:46:22.096] [spdlog] [info] reply body: {"code":200,"msg":"OK","reply":""}
[2023-01-29 10:46:23.158] [spdlog] [info] method(heart_beat): id = A2U52h
[2023-01-29 10:46:23.158] [spdlog] [info] reply body: {"code":200,"msg":"OK","reply":""}
[2023-01-29 10:46:24.243] [spdlog] [info] method(heart_beat): id = A2U52h
[2023-01-29 10:46:24.243] [spdlog] [info] reply body: {"code":200,"msg":"OK","reply":""}
[2023-01-29 10:46:39.211] [spdlog] [info] method(genkey): device_id = 1e2158d6c307ad05
[2023-01-29 10:46:39.212] [spdlog] [info] reply body: {"code":200,"msg":"OK","reply":{"key":"A2U52h","url":"rtmp://192.168.0.107:50051/live/A2U52h"}}
[2023-01-29 10:46:40.683] [spdlog] [info] method(heart_beat): id = A2U52h
[2023-01-29 10:46:40.683] [spdlog] [info] 客户端回调开启 {"method":"message_callback","id":"A2U52h"}
[2023-01-29 10:46:40.684] [spdlog] [info] method(message_callback): id = A2U52h
[2023-01-29 10:46:40.684] [spdlog] [info] reply body: {"code":200,"msg":"OK","reply":""}
[2023-01-29 10:46:41.748] [spdlog] [info] method(heart_beat): id = A2U52h
[2023-01-29 10:46:41.748] [spdlog] [info] reply body: {"code":200,"msg":"OK","reply":""}
[2023-01-29 10:46:42.822] [spdlog] [info] method(heart_beat): id = A2U52h
[2023-01-29 10:46:42.822] [spdlog] [info] reply body: {"code":200,"msg":"OK","reply":""}
[2023-01-29 10:46:43.900] [spdlog] [info] method(heart_beat): id = A2U52h
[2023-01-29 10:46:43.900] [spdlog] [info] reply body: {"code":200,"msg":"OK","reply":""}
[2023-01-29 10:46:44.987] [spdlog] [info] method(heart_beat): id = A2U52h
[2023-01-29 10:46:44.987] [spdlog] [info] reply body: {"code":200,"msg":"OK","reply":""}
[2023-01-29 10:46:46.119] [spdlog] [info] method(heart_beat): id = A2U52h
[2023-01-29 10:46:46.119] [spdlog] [info] reply body: {"code":200,"msg":"OK","reply":""}
[2023-01-29 10:46:47.212] [spdlog] [info] method(heart_beat): id = A2U52h
[2023-01-29 10:46:47.213] [spdlog] [info] reply body: {"code":200,"msg":"OK","reply":""}
[2023-01-29 10:46:48.297] [spdlog] [info] method(heart_beat): id = A2U52h
[2023-01-29 10:46:48.297] [spdlog] [info] reply body: {"code":200,"msg":"OK","reply":""}
[2023-01-29 10:46:49.378] [spdlog] [info] method(heart_beat): id = A2U52h
[2023-01-29 10:46:49.378] [spdlog] [info] reply body: {"code":200,"msg":"OK","reply":""}
[2023-01-29 10:46:50.455] [spdlog] [info] method(heart_beat): id = A2U52h
[2023-01-29 10:46:50.455] [spdlog] [info] reply body: {"code":200,"msg":"OK","reply":""}
[2023-01-29 10:46:51.565] [spdlog] [info] method(heart_beat): id = A2U52h
[2023-01-29 10:46:51.565] [spdlog] [info] reply body: {"code":200,"msg":"OK","reply":""}
[2023-01-29 10:46:52.644] [spdlog] [info] method(heart_beat): id = A2U52h
[2023-01-29 10:46:52.645] [spdlog] [info] reply body: {"code":200,"msg":"OK","reply":""}
[2023-01-29 10:46:53.330] [spdlog] [info] method(device_quit): id = A2U52h
[2023-01-29 10:46:53.331] [spdlog] [info] reply body: {"code":200,"msg":"OK","reply":""}
[2023-01-29 10:46:53.770] [spdlog] [info] method(heart_beat): id = A2U52h
[2023-01-29 10:46:53.770] [spdlog] [info] reply body: {"code":200,"msg":"OK","reply":""}
[2023-01-29 10:46:54.862] [spdlog] [info] method(heart_beat): id = A2U52h
[2023-01-29 10:46:54.863] [spdlog] [info] reply body: {"code":200,"msg":"OK","reply":""}
[2023-01-29 10:46:55.960] [spdlog] [info] method(heart_beat): id = A2U52h
[2023-01-29 10:46:55.960] [spdlog] [info] reply body: {"code":200,"msg":"OK","reply":""}
[2023-01-29 10:46:57.064] [spdlog] [info] method(heart_beat): id = A2U52h
[2023-01-29 10:46:57.064] [spdlog] [info] reply body: {"code":200,"msg":"OK","reply":""}
[2023-01-29 10:46:58.148] [spdlog] [info] method(heart_beat): id = A2U52h
[2023-01-29 10:46:58.148] [spdlog] [info] reply body: {"code":200,"msg":"OK","reply":""}
[2023-01-29 10:46:59.247] [spdlog] [info] method(heart_beat): id = A2U52h
[2023-01-29 10:46:59.247] [spdlog] [info] reply body: {"code":200,"msg":"OK","reply":""}
[2023-01-29 10:47:00.364] [spdlog] [info] method(heart_beat): id = A2U52h
[2023-01-29 10:47:00.364] [spdlog] [info] reply body: {"code":200,"msg":"OK","reply":""}
[2023-01-29 10:47:01.486] [spdlog] [info] method(heart_beat): id = A2U52h
[2023-01-29 10:47:01.487] [spdlog] [info] reply body: {"code":200,"msg":"OK","reply":""}
[2023-01-29 10:47:02.565] [spdlog] [info] method(heart_beat): id = A2U52h
[2023-01-29 10:47:02.565] [spdlog] [info] reply body: {"code":200,"msg":"OK","reply":""}
[2023-01-29 10:47:10.675] [spdlog] [warning] grpc server shutdown!
[2023-01-29 10:56:30.668] [spdlog] [info] init grpc server...
[2023-01-29 10:56:30.668] [spdlog] [info] grpc listing port: 172.24.201.184:50052
[2023-01-29 10:56:30.669] [spdlog] [info] grpc build and start successful!
[2023-01-29 10:56:30.669] [spdlog] [info] 开启心跳定时器成功! 定时器将于2秒后开始运行...
[2023-01-29 10:56:30.669] [spdlog] [info] grpc server start wait!
[2023-01-29 10:56:39.565] [spdlog] [info] method(genkey): device_id = 1e2158d6c307ad05
[2023-01-29 10:56:41.100] [spdlog] [info] method(heart_beat): id = 1A2U52
[2023-01-29 10:56:41.100] [spdlog] [info] 客户端回调开启 {"method":"message_callback","id":"1A2U52"}
[2023-01-29 10:56:41.101] [spdlog] [info] method(message_callback): id = 1A2U52
[2023-01-29 10:56:42.150] [spdlog] [info] method(heart_beat): id = 1A2U52
[2023-01-29 10:56:43.215] [spdlog] [info] method(heart_beat): id = 1A2U52
[2023-01-29 10:56:44.290] [spdlog] [info] method(heart_beat): id = 1A2U52
[2023-01-29 10:56:45.370] [spdlog] [info] method(heart_beat): id = 1A2U52
[2023-01-29 10:56:46.454] [spdlog] [info] method(heart_beat): id = 1A2U52
[2023-01-29 10:56:47.538] [spdlog] [info] method(heart_beat): id = 1A2U52
[2023-01-29 10:56:48.617] [spdlog] [info] method(heart_beat): id = 1A2U52
[2023-01-29 10:56:49.700] [spdlog] [info] method(heart_beat): id = 1A2U52
[2023-01-29 10:56:50.780] [spdlog] [info] method(heart_beat): id = 1A2U52
[2023-01-29 10:56:51.874] [spdlog] [info] method(heart_beat): id = 1A2U52
[2023-01-29 10:56:52.952] [spdlog] [info] method(heart_beat): id = 1A2U52
[2023-01-29 10:56:54.029] [spdlog] [info] method(heart_beat): id = 1A2U52
[2023-01-29 10:56:55.130] [spdlog] [info] method(heart_beat): id = 1A2U52
[2023-01-29 10:56:56.221] [spdlog] [info] method(heart_beat): id = 1A2U52
[2023-01-29 10:56:57.292] [spdlog] [info] method(heart_beat): id = 1A2U52
[2023-01-29 10:56:58.388] [spdlog] [info] method(heart_beat): id = 1A2U52
[2023-01-29 10:56:59.466] [spdlog] [info] method(heart_beat): id = 1A2U52
[2023-01-29 10:57:00.537] [spdlog] [info] method(heart_beat): id = 1A2U52
[2023-01-29 10:57:01.624] [spdlog] [info] method(heart_beat): id = 1A2U52
[2023-01-29 10:57:02.701] [spdlog] [info] method(heart_beat): id = 1A2U52
[2023-01-29 10:57:03.776] [spdlog] [info] method(heart_beat): id = 1A2U52
[2023-01-29 10:57:04.841] [spdlog] [info] method(heart_beat): id = 1A2U52
[2023-01-29 10:57:05.913] [spdlog] [info] method(heart_beat): id = 1A2U52
[2023-01-29 10:57:06.338] [spdlog] [info] 客户端回调开启 {"id":"client","method":"message_callback"}
[2023-01-29 10:57:06.339] [spdlog] [info] method(message_callback): id = client
[2023-01-29 10:57:06.992] [spdlog] [info] method(heart_beat): id = 1A2U52
[2023-01-29 10:57:08.080] [spdlog] [info] method(heart_beat): id = 1A2U52
[2023-01-29 10:57:09.155] [spdlog] [info] method(heart_beat): id = 1A2U52
[2023-01-29 10:57:10.240] [spdlog] [info] method(heart_beat): id = 1A2U52
[2023-01-29 10:57:11.310] [spdlog] [info] method(heart_beat): id = 1A2U52
[2023-01-29 10:57:12.397] [spdlog] [info] method(heart_beat): id = 1A2U52
[2023-01-29 10:57:13.470] [spdlog] [info] method(heart_beat): id = 1A2U52
[2023-01-29 10:57:14.566] [spdlog] [info] method(heart_beat): id = 1A2U52
[2023-01-29 10:57:15.635] [spdlog] [info] method(heart_beat): id = 1A2U52
[2023-01-29 10:57:16.702] [spdlog] [info] method(heart_beat): id = 1A2U52
[2023-01-29 10:57:17.792] [spdlog] [info] method(heart_beat): id = 1A2U52
[2023-01-29 10:57:18.877] [spdlog] [info] method(heart_beat): id = 1A2U52
[2023-01-29 10:57:19.944] [spdlog] [info] method(heart_beat): id = 1A2U52
[2023-01-29 10:57:21.044] [spdlog] [info] method(heart_beat): id = 1A2U52
[2023-01-29 10:57:22.127] [spdlog] [info] method(heart_beat): id = 1A2U52
[2023-01-29 10:57:23.214] [spdlog] [info] method(heart_beat): id = 1A2U52
[2023-01-29 10:57:24.284] [spdlog] [info] method(heart_beat): id = 1A2U52
[2023-01-29 10:57:24.865] [spdlog] [info] method(get_device_info): user = client, key = 1A2U52
[2023-01-29 10:57:25.381] [spdlog] [info] method(heart_beat): id = 1A2U52
[2023-01-29 10:57:26.458] [spdlog] [info] method(heart_beat): id = 1A2U52
[2023-01-29 10:57:27.554] [spdlog] [info] method(heart_beat): id = 1A2U52
[2023-01-29 10:57:28.629] [spdlog] [info] method(heart_beat): id = 1A2U52
[2023-01-29 10:57:28.669] [spdlog] [info] 获得一条回调数据 {"code":200,"msg":"OK","reply":{"device_status":"active","id":"client","operation":"device status change"}}
[2023-01-29 10:57:28.670] [spdlog] [info] 回调数据发送成功
[2023-01-29 10:57:28.670] [spdlog] [info] method(message_callback): id = client
[2023-01-29 10:57:29.695] [spdlog] [info] method(heart_beat): id = 1A2U52
[2023-01-29 10:57:30.786] [spdlog] [info] method(heart_beat): id = 1A2U52
[2023-01-29 10:57:31.872] [spdlog] [info] method(heart_beat): id = 1A2U52
[2023-01-29 10:57:32.971] [spdlog] [info] method(heart_beat): id = 1A2U52
[2023-01-29 10:57:34.216] [spdlog] [info] method(heart_beat): id = 1A2U52
[2023-01-29 10:57:35.287] [spdlog] [info] method(heart_beat): id = 1A2U52
[2023-01-29 10:57:36.356] [spdlog] [info] method(heart_beat): id = 1A2U52
[2023-01-29 10:57:37.426] [spdlog] [info] method(heart_beat): id = 1A2U52
[2023-01-29 10:57:38.505] [spdlog] [info] method(heart_beat): id = 1A2U52
[2023-01-29 10:57:39.587] [spdlog] [info] method(heart_beat): id = 1A2U52
[2023-01-29 10:57:40.668] [spdlog] [info] method(heart_beat): id = 1A2U52
[2023-01-29 10:57:41.733] [spdlog] [info] method(heart_beat): id = 1A2U52
[2023-01-29 10:57:42.805] [spdlog] [info] method(heart_beat): id = 1A2U52
[2023-01-29 10:57:43.889] [spdlog] [info] method(heart_beat): id = 1A2U52
[2023-01-29 10:57:44.969] [spdlog] [info] method(heart_beat): id = 1A2U52
[2023-01-29 10:57:46.040] [spdlog] [info] method(heart_beat): id = 1A2U52
[2023-01-29 10:57:47.118] [spdlog] [info] method(heart_beat): id = 1A2U52
[2023-01-29 10:57:48.200] [spdlog] [info] method(heart_beat): id = 1A2U52
[2023-01-29 10:57:49.281] [spdlog] [info] method(heart_beat): id = 1A2U52
[2023-01-29 10:57:50.351] [spdlog] [info] method(heart_beat): id = 1A2U52
[2023-01-29 10:57:51.435] [spdlog] [info] method(heart_beat): id = 1A2U52
[2023-01-29 10:57:52.520] [spdlog] [info] method(heart_beat): id = 1A2U52
[2023-01-29 10:57:53.588] [spdlog] [info] method(heart_beat): id = 1A2U52
[2023-01-29 10:57:54.653] [spdlog] [info] method(heart_beat): id = 1A2U52
[2023-01-29 10:57:55.724] [spdlog] [info] method(heart_beat): id = 1A2U52
[2023-01-29 10:57:56.808] [spdlog] [info] method(heart_beat): id = 1A2U52
[2023-01-29 10:57:57.890] [spdlog] [info] method(heart_beat): id = 1A2U52
[2023-01-29 10:57:58.964] [spdlog] [info] method(heart_beat): id = 1A2U52
[2023-01-29 10:58:00.054] [spdlog] [info] method(heart_beat): id = 1A2U52
[2023-01-29 10:58:01.120] [spdlog] [info] method(heart_beat): id = 1A2U52
[2023-01-29 10:58:02.198] [spdlog] [info] method(heart_beat): id = 1A2U52
[2023-01-29 10:58:03.272] [spdlog] [info] method(heart_beat): id = 1A2U52
[2023-01-29 10:58:04.364] [spdlog] [info] method(heart_beat): id = 1A2U52
[2023-01-29 10:58:05.440] [spdlog] [info] method(heart_beat): id = 1A2U52
[2023-01-29 10:58:06.503] [spdlog] [info] method(heart_beat): id = 1A2U52
[2023-01-29 10:58:07.577] [spdlog] [info] method(heart_beat): id = 1A2U52
[2023-01-29 10:58:08.671] [spdlog] [info] method(heart_beat): id = 1A2U52
[2023-01-29 10:58:09.753] [spdlog] [info] method(heart_beat): id = 1A2U52
[2023-01-29 10:58:10.837] [spdlog] [info] method(heart_beat): id = 1A2U52
[2023-01-29 10:58:11.906] [spdlog] [info] method(heart_beat): id = 1A2U52
[2023-01-29 10:58:12.975] [spdlog] [info] method(heart_beat): id = 1A2U52
[2023-01-29 10:58:13.248] [spdlog] [info] method(device_quit): id = 1A2U52
[2023-01-29 10:58:13.248] [spdlog] [info] 回调线程结束
[2023-01-29 10:58:16.669] [spdlog] [info] 获得一条回调数据 {"code":200,"msg":"OK","reply":{"device_status":"negative","id":"client","operation":"device status change"}}
[2023-01-29 10:58:16.670] [spdlog] [info] 回调数据发送成功
[2023-01-29 10:58:16.670] [spdlog] [info] method(message_callback): id = client
[2023-01-29 10:58:29.512] [spdlog] [info] method(genkey): device_id = 1e2158d6c307ad05
[2023-01-29 10:58:30.856] [spdlog] [info] 客户端回调开启 {"method":"message_callback","id":"1A2U52"}
[2023-01-29 10:58:30.856] [spdlog] [info] method(message_callback): id = 1A2U52
[2023-01-29 10:58:30.857] [spdlog] [info] method(heart_beat): id = 1A2U52
[2023-01-29 10:58:31.921] [spdlog] [info] method(heart_beat): id = 1A2U52
[2023-01-29 10:58:32.670] [spdlog] [info] 获得一条回调数据 {"code":200,"msg":"OK","reply":{"device_status":"active","id":"client","operation":"device status change"}}
[2023-01-29 10:58:32.670] [spdlog] [info] 回调数据发送成功
[2023-01-29 10:58:32.670] [spdlog] [info] method(message_callback): id = client
[2023-01-29 10:58:32.992] [spdlog] [info] method(heart_beat): id = 1A2U52
[2023-01-29 10:58:34.083] [spdlog] [info] method(heart_beat): id = 1A2U52
[2023-01-29 10:58:35.152] [spdlog] [info] method(heart_beat): id = 1A2U52
[2023-01-29 10:58:36.248] [spdlog] [info] method(heart_beat): id = 1A2U52
[2023-01-29 10:58:37.329] [spdlog] [info] method(heart_beat): id = 1A2U52
[2023-01-29 10:58:38.400] [spdlog] [info] method(heart_beat): id = 1A2U52
[2023-01-29 10:58:39.489] [spdlog] [info] method(heart_beat): id = 1A2U52
[2023-01-29 10:58:40.568] [spdlog] [info] method(heart_beat): id = 1A2U52
[2023-01-29 10:58:41.650] [spdlog] [info] method(heart_beat): id = 1A2U52
[2023-01-29 10:58:42.738] [spdlog] [info] method(heart_beat): id = 1A2U52
[2023-01-29 10:58:43.807] [spdlog] [info] method(heart_beat): id = 1A2U52
[2023-01-29 10:58:44.886] [spdlog] [info] method(heart_beat): id = 1A2U52
[2023-01-29 10:58:45.960] [spdlog] [info] method(heart_beat): id = 1A2U52
[2023-01-29 10:58:47.028] [spdlog] [info] method(heart_beat): id = 1A2U52
[2023-01-29 10:58:48.115] [spdlog] [info] method(heart_beat): id = 1A2U52
[2023-01-29 10:58:49.204] [spdlog] [info] method(heart_beat): id = 1A2U52
[2023-01-29 10:58:50.264] [spdlog] [info] method(heart_beat): id = 1A2U52
[2023-01-29 10:58:50.419] [spdlog] [info] method(device_quit): id = 1A2U52
[2023-01-29 10:58:50.420] [spdlog] [info] 回调线程结束
[2023-01-29 10:58:56.670] [spdlog] [info] 获得一条回调数据 {"code":200,"msg":"OK","reply":{"device_status":"negative","id":"client","operation":"device status change"}}
[2023-01-29 10:58:56.670] [spdlog] [info] 回调数据发送成功
[2023-01-29 10:58:56.670] [spdlog] [info] method(message_callback): id = client
[2023-01-29 10:59:11.284] [spdlog] [info] method(genkey): device_id = 1e2158d6c307ad05
[2023-01-29 10:59:12.672] [spdlog] [info] 客户端回调开启 {"method":"message_callback","id":"1A2U52"}
[2023-01-29 10:59:12.672] [spdlog] [info] method(heart_beat): id = 1A2U52
[2023-01-29 10:59:12.672] [spdlog] [info] method(message_callback): id = 1A2U52
[2023-01-29 10:59:13.764] [spdlog] [info] method(heart_beat): id = 1A2U52
[2023-01-29 10:59:14.843] [spdlog] [info] method(heart_beat): id = 1A2U52
[2023-01-29 10:59:15.916] [spdlog] [info] method(heart_beat): id = 1A2U52
[2023-01-29 10:59:16.670] [spdlog] [info] 获得一条回调数据 {"code":200,"msg":"OK","reply":{"device_status":"active","id":"client","operation":"device status change"}}
[2023-01-29 10:59:16.670] [spdlog] [info] 回调数据发送成功
[2023-01-29 10:59:16.670] [spdlog] [info] method(message_callback): id = client
[2023-01-29 10:59:17.013] [spdlog] [info] method(heart_beat): id = 1A2U52
[2023-01-29 10:59:18.104] [spdlog] [info] method(heart_beat): id = 1A2U52
[2023-01-29 10:59:19.213] [spdlog] [info] method(heart_beat): id = 1A2U52
[2023-01-29 10:59:20.304] [spdlog] [info] method(heart_beat): id = 1A2U52
[2023-01-29 10:59:21.395] [spdlog] [info] method(heart_beat): id = 1A2U52
[2023-01-29 10:59:22.483] [spdlog] [info] method(heart_beat): id = 1A2U52
[2023-01-29 10:59:23.580] [spdlog] [info] method(heart_beat): id = 1A2U52
[2023-01-29 10:59:24.662] [spdlog] [info] method(heart_beat): id = 1A2U52
[2023-01-29 10:59:25.753] [spdlog] [info] method(heart_beat): id = 1A2U52
[2023-01-29 10:59:26.845] [spdlog] [info] method(heart_beat): id = 1A2U52
[2023-01-29 10:59:27.938] [spdlog] [info] method(heart_beat): id = 1A2U52
[2023-01-29 10:59:29.012] [spdlog] [info] method(heart_beat): id = 1A2U52
[2023-01-29 10:59:30.113] [spdlog] [info] method(heart_beat): id = 1A2U52
[2023-01-29 10:59:31.209] [spdlog] [info] method(heart_beat): id = 1A2U52
[2023-01-29 10:59:32.292] [spdlog] [info] method(heart_beat): id = 1A2U52
[2023-01-29 10:59:33.385] [spdlog] [info] method(heart_beat): id = 1A2U52
[2023-01-29 10:59:34.470] [spdlog] [info] method(heart_beat): id = 1A2U52
[2023-01-29 10:59:35.558] [spdlog] [info] method(heart_beat): id = 1A2U52
[2023-01-29 10:59:36.626] [spdlog] [info] method(heart_beat): id = 1A2U52
[2023-01-29 10:59:37.713] [spdlog] [info] method(heart_beat): id = 1A2U52
[2023-01-29 10:59:38.793] [spdlog] [info] method(heart_beat): id = 1A2U52
[2023-01-29 10:59:39.866] [spdlog] [info] method(heart_beat): id = 1A2U52
[2023-01-29 10:59:40.958] [spdlog] [info] method(heart_beat): id = 1A2U52
[2023-01-29 10:59:42.043] [spdlog] [info] method(heart_beat): id = 1A2U52
[2023-01-29 10:59:43.156] [spdlog] [info] method(heart_beat): id = 1A2U52
[2023-01-29 10:59:44.226] [spdlog] [info] method(heart_beat): id = 1A2U52
[2023-01-29 10:59:45.298] [spdlog] [info] method(heart_beat): id = 1A2U52
[2023-01-29 10:59:46.379] [spdlog] [info] method(heart_beat): id = 1A2U52
[2023-01-29 10:59:47.475] [spdlog] [info] method(heart_beat): id = 1A2U52
[2023-01-29 10:59:48.588] [spdlog] [info] method(heart_beat): id = 1A2U52
[2023-01-29 10:59:49.257] [spdlog] [info] method(device_quit): id = 1A2U52
[2023-01-29 10:59:49.257] [spdlog] [info] 回调线程结束
[2023-01-29 10:59:52.670] [spdlog] [info] 获得一条回调数据 {"code":200,"msg":"OK","reply":{"device_status":"negative","id":"client","operation":"device status change"}}
[2023-01-29 10:59:52.670] [spdlog] [info] 回调数据发送成功
[2023-01-29 10:59:52.670] [spdlog] [info] method(message_callback): id = client
[2023-01-29 11:00:04.562] [spdlog] [info] method(device_quit): id = client
[2023-01-29 11:01:21.084] [spdlog] [warning] grpc server shutdown!
[2023-01-29 11:27:11.848] [spdlog] [info] init grpc server...
[2023-01-29 11:27:11.848] [spdlog] [info] grpc listing port: 172.24.201.184:50052
[2023-01-29 11:27:11.849] [spdlog] [info] grpc build and start successful!
[2023-01-29 11:27:11.849] [spdlog] [info] 开启心跳定时器成功! 定时器将于2秒后开始运行...
[2023-01-29 11:27:11.849] [spdlog] [info] grpc server start wait!
[2023-01-29 11:27:19.012] [spdlog] [info] method(genkey): device_id = 1e2158d6c307ad05
[2023-01-29 11:27:20.409] [spdlog] [info] 客户端回调开启 {"method":"message_callback","id":"1A2U52"}
[2023-01-29 11:27:20.409] [spdlog] [info] method(message_callback): id = 1A2U52
[2023-01-29 11:27:20.410] [spdlog] [info] method(heart_beat): id = 1A2U52
[2023-01-29 11:27:21.459] [spdlog] [info] method(heart_beat): id = 1A2U52
[2023-01-29 11:27:22.547] [spdlog] [info] method(heart_beat): id = 1A2U52
[2023-01-29 11:27:23.662] [spdlog] [info] method(heart_beat): id = 1A2U52
[2023-01-29 11:27:24.732] [spdlog] [info] method(heart_beat): id = 1A2U52
[2023-01-29 11:27:25.821] [spdlog] [info] method(heart_beat): id = 1A2U52
[2023-01-29 11:27:26.792] [spdlog] [info] method(device_quit): id = 1A2U52
[2023-01-29 11:27:26.792] [spdlog] [info] 回调线程结束
[2023-01-29 11:27:54.293] [spdlog] [info] 客户端回调开启 {"id":"client","method":"message_callback"}
[2023-01-29 11:27:54.294] [spdlog] [info] method(message_callback): id = client
[2023-01-29 11:27:59.107] [spdlog] [info] method(get_device_info): user = client, key = 1A2U52
[2023-01-29 11:28:09.424] [spdlog] [info] method(genkey): device_id = 1e2158d6c307ad05
[2023-01-29 11:28:10.810] [spdlog] [info] 客户端回调开启 {"method":"message_callback","id":"1A2U52"}
[2023-01-29 11:28:10.810] [spdlog] [info] method(message_callback): id = 1A2U52
[2023-01-29 11:28:10.811] [spdlog] [info] method(heart_beat): id = 1A2U52
[2023-01-29 11:28:11.893] [spdlog] [info] method(heart_beat): id = 1A2U52
[2023-01-29 11:28:12.970] [spdlog] [info] method(heart_beat): id = 1A2U52
[2023-01-29 11:28:13.849] [spdlog] [info] 获得一条回调数据 {"code":200,"msg":"OK","reply":{"device_status":"active","id":"client","operation":"device status change"}}
[2023-01-29 11:28:13.849] [spdlog] [info] 回调数据发送成功
[2023-01-29 11:28:13.849] [spdlog] [info] method(message_callback): id = client
[2023-01-29 11:28:14.042] [spdlog] [info] method(heart_beat): id = 1A2U52
[2023-01-29 11:28:15.120] [spdlog] [info] method(heart_beat): id = 1A2U52
[2023-01-29 11:28:16.216] [spdlog] [info] method(heart_beat): id = 1A2U52
[2023-01-29 11:28:17.298] [spdlog] [info] method(heart_beat): id = 1A2U52
[2023-01-29 11:28:18.363] [spdlog] [info] method(heart_beat): id = 1A2U52
[2023-01-29 11:28:20.156] [spdlog] [info] method(heart_beat): id = 1A2U52
[2023-01-29 11:28:21.285] [spdlog] [info] method(heart_beat): id = 1A2U52
[2023-01-29 11:28:22.361] [spdlog] [info] method(heart_beat): id = 1A2U52
[2023-01-29 11:28:23.460] [spdlog] [info] method(heart_beat): id = 1A2U52
[2023-01-29 11:28:24.525] [spdlog] [info] method(heart_beat): id = 1A2U52
[2023-01-29 11:28:25.605] [spdlog] [info] method(heart_beat): id = 1A2U52
[2023-01-29 11:28:26.730] [spdlog] [info] method(heart_beat): id = 1A2U52
[2023-01-29 11:28:30.051] [spdlog] [info] method(heart_beat): id = 1A2U52
[2023-01-29 11:28:34.779] [spdlog] [info] method(heart_beat): id = 1A2U52
[2023-01-29 11:28:35.999] [spdlog] [info] method(heart_beat): id = 1A2U52
[2023-01-29 11:28:37.066] [spdlog] [info] method(heart_beat): id = 1A2U52
[2023-01-29 11:28:38.156] [spdlog] [info] method(heart_beat): id = 1A2U52
[2023-01-29 11:28:39.235] [spdlog] [info] method(heart_beat): id = 1A2U52
[2023-01-29 11:28:40.327] [spdlog] [info] method(heart_beat): id = 1A2U52
[2023-01-29 11:28:41.326] [spdlog] [info] method(device_quit): id = 1A2U52
[2023-01-29 11:28:41.327] [spdlog] [info] 回调线程结束
[2023-01-29 11:28:45.849] [spdlog] [info] 获得一条回调数据 {"code":200,"msg":"OK","reply":{"device_status":"negative","id":"client","operation":"device status change"}}
[2023-01-29 11:28:45.849] [spdlog] [info] 回调数据发送成功
[2023-01-29 11:28:45.849] [spdlog] [info] method(message_callback): id = client
[2023-01-29 11:28:52.723] [spdlog] [info] method(genkey): device_id = 1e2158d6c307ad05
[2023-01-29 11:28:54.112] [spdlog] [info] 客户端回调开启 {"method":"message_callback","id":"1A2U52"}
[2023-01-29 11:28:54.112] [spdlog] [info] method(message_callback): id = 1A2U52
[2023-01-29 11:28:54.113] [spdlog] [info] method(heart_beat): id = 1A2U52
[2023-01-29 11:28:55.202] [spdlog] [info] method(heart_beat): id = 1A2U52
[2023-01-29 11:28:56.314] [spdlog] [info] method(heart_beat): id = 1A2U52
[2023-01-29 11:28:57.409] [spdlog] [info] method(heart_beat): id = 1A2U52
[2023-01-29 11:28:57.849] [spdlog] [info] 获得一条回调数据 {"code":200,"msg":"OK","reply":{"device_status":"active","id":"client","operation":"device status change"}}
[2023-01-29 11:28:57.849] [spdlog] [info] 回调数据发送成功
[2023-01-29 11:28:57.849] [spdlog] [info] method(message_callback): id = client
[2023-01-29 11:28:58.498] [spdlog] [info] method(heart_beat): id = 1A2U52
[2023-01-29 11:28:59.574] [spdlog] [info] method(heart_beat): id = 1A2U52
[2023-01-29 11:29:00.654] [spdlog] [info] method(heart_beat): id = 1A2U52
[2023-01-29 11:29:01.729] [spdlog] [info] method(heart_beat): id = 1A2U52
[2023-01-29 11:29:02.806] [spdlog] [info] method(heart_beat): id = 1A2U52
[2023-01-29 11:29:03.896] [spdlog] [info] method(heart_beat): id = 1A2U52
[2023-01-29 11:29:04.956] [spdlog] [info] method(heart_beat): id = 1A2U52
[2023-01-29 11:29:06.052] [spdlog] [info] method(heart_beat): id = 1A2U52
[2023-01-29 11:29:07.162] [spdlog] [info] method(heart_beat): id = 1A2U52
[2023-01-29 11:29:07.656] [spdlog] [info] method(device_quit): id = 1A2U52
[2023-01-29 11:29:07.656] [spdlog] [info] 回调线程结束
[2023-01-29 11:29:13.849] [spdlog] [info] 获得一条回调数据 {"code":200,"msg":"OK","reply":{"device_status":"negative","id":"client","operation":"device status change"}}
[2023-01-29 11:29:13.849] [spdlog] [info] 回调数据发送成功
[2023-01-29 11:29:13.849] [spdlog] [info] method(message_callback): id = client
[2023-01-29 11:29:21.703] [spdlog] [info] method(genkey): device_id = 1e2158d6c307ad05
[2023-01-29 11:29:23.077] [spdlog] [info] method(heart_beat): id = 1A2U52
[2023-01-29 11:29:23.077] [spdlog] [info] 客户端回调开启 {"method":"message_callback","id":"1A2U52"}
[2023-01-29 11:29:23.077] [spdlog] [info] method(message_callback): id = 1A2U52
[2023-01-29 11:29:24.180] [spdlog] [info] method(heart_beat): id = 1A2U52
[2023-01-29 11:29:25.254] [spdlog] [info] method(heart_beat): id = 1A2U52
[2023-01-29 11:29:25.536] [spdlog] [info] method(talk_ctrl): ctrl_type = start, device_key = 1A2U52
[2023-01-29 11:29:25.536] [spdlog] [info] 获得一条回调数据 {"code":200,"msg":"OK","reply":{"id":"1A2U52","operation":"talkStart","rtmp_pull_url":"rtmp://192.168.0.107:50051/live/1A2U52TALK"}}
[2023-01-29 11:29:25.537] [spdlog] [info] 回调数据发送成功
[2023-01-29 11:29:25.537] [spdlog] [info] method(message_callback): id = 1A2U52
[2023-01-29 11:29:25.849] [spdlog] [info] 获得一条回调数据 {"code":200,"msg":"OK","reply":{"device_status":"active","id":"client","operation":"device status change"}}
[2023-01-29 11:29:25.849] [spdlog] [info] 回调数据发送成功
[2023-01-29 11:29:25.850] [spdlog] [info] method(message_callback): id = client
[2023-01-29 11:29:26.339] [spdlog] [info] method(heart_beat): id = 1A2U52
[2023-01-29 11:29:27.427] [spdlog] [info] method(heart_beat): id = 1A2U52
[2023-01-29 11:29:28.520] [spdlog] [info] method(heart_beat): id = 1A2U52
[2023-01-29 11:29:29.588] [spdlog] [info] method(heart_beat): id = 1A2U52
[2023-01-29 11:29:30.649] [spdlog] [info] method(heart_beat): id = 1A2U52
[2023-01-29 11:29:31.726] [spdlog] [info] method(heart_beat): id = 1A2U52
[2023-01-29 11:29:32.804] [spdlog] [info] method(heart_beat): id = 1A2U52
[2023-01-29 11:29:33.879] [spdlog] [info] method(heart_beat): id = 1A2U52
[2023-01-29 11:29:34.964] [spdlog] [info] method(heart_beat): id = 1A2U52
[2023-01-29 11:29:35.770] [spdlog] [info] method(talk_ctrl): ctrl_type = stop, device_key = 1A2U52
[2023-01-29 11:29:35.770] [spdlog] [info] 获得一条回调数据 {"code":200,"msg":"OK","reply":{"id":"1A2U52","operation":"talkStop"}}
[2023-01-29 11:29:35.771] [spdlog] [info] 回调数据发送成功
[2023-01-29 11:29:35.771] [spdlog] [info] method(message_callback): id = 1A2U52
[2023-01-29 11:29:36.078] [spdlog] [info] method(heart_beat): id = 1A2U52
[2023-01-29 11:29:37.170] [spdlog] [info] method(heart_beat): id = 1A2U52
[2023-01-29 11:29:38.177] [spdlog] [info] method(talk_ctrl): ctrl_type = start, device_key = 1A2U52
[2023-01-29 11:29:38.178] [spdlog] [info] 获得一条回调数据 {"code":200,"msg":"OK","reply":{"id":"1A2U52","operation":"talkStart","rtmp_pull_url":"rtmp://192.168.0.107:50051/live/1A2U52TALK"}}
[2023-01-29 11:29:38.178] [spdlog] [info] 回调数据发送成功
[2023-01-29 11:29:38.178] [spdlog] [info] method(message_callback): id = 1A2U52
[2023-01-29 11:29:38.248] [spdlog] [info] method(heart_beat): id = 1A2U52
[2023-01-29 11:29:39.325] [spdlog] [info] method(heart_beat): id = 1A2U52
[2023-01-29 11:29:40.429] [spdlog] [info] method(heart_beat): id = 1A2U52
[2023-01-29 11:29:41.501] [spdlog] [info] method(heart_beat): id = 1A2U52
[2023-01-29 11:29:42.578] [spdlog] [info] method(heart_beat): id = 1A2U52
[2023-01-29 11:29:42.716] [spdlog] [info] method(talk_ctrl): ctrl_type = stop, device_key = 1A2U52
[2023-01-29 11:29:42.716] [spdlog] [info] 获得一条回调数据 {"code":200,"msg":"OK","reply":{"id":"1A2U52","operation":"talkStop"}}
[2023-01-29 11:29:42.717] [spdlog] [info] 回调数据发送成功
[2023-01-29 11:29:42.717] [spdlog] [info] method(message_callback): id = 1A2U52
[2023-01-29 11:29:43.653] [spdlog] [info] method(heart_beat): id = 1A2U52
[2023-01-29 11:29:44.711] [spdlog] [info] method(heart_beat): id = 1A2U52
[2023-01-29 11:29:45.765] [spdlog] [info] method(heart_beat): id = 1A2U52
[2023-01-29 11:29:46.668] [spdlog] [info] method(device_quit): id = 1A2U52
[2023-01-29 11:29:46.668] [spdlog] [info] 回调线程结束
[2023-01-29 11:29:49.849] [spdlog] [info] 获得一条回调数据 {"code":200,"msg":"OK","reply":{"device_status":"negative","id":"client","operation":"device status change"}}
[2023-01-29 11:29:49.849] [spdlog] [info] 回调数据发送成功
[2023-01-29 11:29:49.850] [spdlog] [info] method(message_callback): id = client
[2023-01-29 11:29:51.019] [spdlog] [warning] grpc server shutdown!
