[2023-01-09 10:39:13.154] [spdlog] [info] init grpc server...
[2023-01-09 10:39:13.154] [spdlog] [info] grpc listing port: 127.0.0.1:50051
[2023-01-09 10:39:13.155] [spdlog] [info] grpc build and start successful!
[2023-01-09 10:39:13.155] [spdlog] [info] grpc server start wait!
[2023-01-09 10:39:16.409] [spdlog] [warning] grpc server shutdown!
[2023-01-09 10:46:57.949] [spdlog] [info] init grpc server...
[2023-01-09 10:46:57.949] [spdlog] [info] grpc listing port: 127.0.0.1:50052
[2023-01-09 10:46:57.950] [spdlog] [info] grpc build and start successful!
[2023-01-09 10:46:57.950] [spdlog] [info] grpc server start wait!
[2023-01-09 10:47:03.132] [spdlog] [warning] service request data error, can't find method!
[2023-01-09 10:48:43.795] [spdlog] [info] method(genkey): device_id = abcd
[2023-01-09 10:51:33.949] [spdlog] [info] init grpc server...
[2023-01-09 10:51:33.949] [spdlog] [info] grpc listing port: 127.0.0.1:50052
[2023-01-09 10:51:33.950] [spdlog] [info] grpc build and start successful!
[2023-01-09 10:51:33.950] [spdlog] [info] grpc server start wait!
[2023-01-09 10:53:39.577] [spdlog] [info] method(genkey): device_id = abcd
[2023-01-09 10:54:46.248] [spdlog] [info] init grpc server...
[2023-01-09 10:54:46.248] [spdlog] [info] grpc listing port: 127.0.0.1:50052
[2023-01-09 10:54:46.249] [spdlog] [info] grpc build and start successful!
[2023-01-09 10:54:46.249] [spdlog] [info] grpc server start wait!
[2023-01-09 10:55:40.825] [spdlog] [info] method(genkey): device_id = aaa
[2023-01-09 11:25:53.317] [spdlog] [info] init grpc server...
[2023-01-09 11:25:53.317] [spdlog] [info] grpc listing port: 127.0.0.1:50052
[2023-01-09 11:25:53.318] [spdlog] [info] grpc build and start successful!
[2023-01-09 11:25:53.318] [spdlog] [info] grpc server start wait!
[2023-01-09 11:26:12.316] [spdlog] [info] method(genkey): device_id = afafa
[2023-01-09 11:36:40.359] [spdlog] [info] init grpc server...
[2023-01-09 11:36:40.359] [spdlog] [info] grpc listing port: 127.0.0.1:50052
[2023-01-09 11:36:40.360] [spdlog] [info] grpc build and start successful!
[2023-01-09 11:36:40.361] [spdlog] [info] grpc server start wait!
[2023-01-09 11:36:45.034] [spdlog] [info] method(genkey): device_id = aa
[2023-01-09 11:37:25.829] [spdlog] [info] init grpc server...
[2023-01-09 11:37:25.829] [spdlog] [info] grpc listing port: 127.0.0.1:50052
[2023-01-09 11:37:25.830] [spdlog] [info] grpc build and start successful!
[2023-01-09 11:37:25.830] [spdlog] [info] grpc server start wait!
[2023-01-09 11:37:28.896] [spdlog] [info] method(genkey): device_id = ca
[2023-01-09 11:46:42.793] [spdlog] [info] init grpc server...
[2023-01-09 11:46:42.793] [spdlog] [info] grpc listing port: 127.0.0.1:50052
[2023-01-09 11:46:42.793] [spdlog] [info] grpc build and start successful!
[2023-01-09 11:46:42.793] [spdlog] [info] grpc server start wait!
[2023-01-09 11:46:45.903] [spdlog] [info] method(genkey): device_id = fafa
[2023-01-09 11:53:17.656] [spdlog] [info] init grpc server...
[2023-01-09 11:53:17.656] [spdlog] [info] grpc listing port: 127.0.0.1:50052
[2023-01-09 11:53:17.657] [spdlog] [info] grpc build and start successful!
[2023-01-09 11:53:17.657] [spdlog] [info] grpc server start wait!
[2023-01-09 11:53:21.815] [spdlog] [info] method(genkey): device_id = fafa
[2023-01-09 11:55:18.715] [spdlog] [info] init grpc server...
[2023-01-09 11:55:18.716] [spdlog] [info] grpc listing port: 127.0.0.1:50052
[2023-01-09 11:55:18.716] [spdlog] [info] grpc build and start successful!
[2023-01-09 11:55:18.717] [spdlog] [info] grpc server start wait!
[2023-01-09 11:55:21.838] [spdlog] [info] method(genkey): device_id = faufa
[2023-01-09 11:57:20.791] [spdlog] [info] init grpc server...
[2023-01-09 11:57:20.791] [spdlog] [info] grpc listing port: 127.0.0.1:50052
[2023-01-09 11:57:20.792] [spdlog] [info] grpc build and start successful!
[2023-01-09 11:57:20.792] [spdlog] [info] grpc server start wait!
[2023-01-09 11:57:27.230] [spdlog] [info] method(genkey): device_id = fafa
[2023-01-09 12:00:18.982] [spdlog] [info] init grpc server...
[2023-01-09 12:00:18.982] [spdlog] [info] grpc listing port: 127.0.0.1:50052
[2023-01-09 12:00:18.983] [spdlog] [info] grpc build and start successful!
[2023-01-09 12:00:18.983] [spdlog] [info] grpc server start wait!
[2023-01-09 12:00:22.640] [spdlog] [info] method(genkey): device_id = fajijf
[2023-01-09 12:00:29.390] [spdlog] [info] method(genkey): device_id = fafa
[2023-01-09 12:00:31.068] [spdlog] [info] method(genkey): device_id = fafa
[2023-01-09 12:00:33.327] [spdlog] [info] method(genkey): device_id = vv
[2023-01-09 12:00:35.131] [spdlog] [info] method(genkey): device_id = fafa
[2023-01-09 12:00:43.329] [spdlog] [warning] grpc server shutdown!
[2023-01-09 14:19:33.006] [spdlog] [info] init grpc server...
[2023-01-09 14:19:33.006] [spdlog] [info] grpc listing port: 127.0.0.1:50052
[2023-01-09 14:19:33.008] [spdlog] [info] grpc build and start successful!
[2023-01-09 14:19:33.008] [spdlog] [info] grpc server start wait!
[2023-01-09 14:19:46.046] [spdlog] [warning] service request, no match method plugin!
[2023-01-09 14:19:58.372] [spdlog] [info] method(req_live_stream): key = fjaofa
[2023-01-09 14:26:15.106] [spdlog] [warning] grpc server shutdown!
[2023-01-09 14:28:59.892] [spdlog] [info] init grpc server...
[2023-01-09 14:28:59.893] [spdlog] [info] grpc listing port: 127.0.0.1:50052
[2023-01-09 14:28:59.894] [spdlog] [info] grpc build and start successful!
[2023-01-09 14:28:59.894] [spdlog] [info] grpc server start wait!
[2023-01-09 14:29:05.796] [spdlog] [warning] service request, no match method plugin!
[2023-01-09 14:29:14.445] [spdlog] [info] method(req_live_stream): key = faoiji
[2023-01-09 14:29:14.445] [spdlog] [warning] running error! method(req_live_stream) errMsg: does not exist key [faoiji]!
[2023-01-09 14:29:47.878] [spdlog] [info] method(genkey): device_id = fiajfoaifmainaivaj
[2023-01-09 14:29:56.560] [spdlog] [info] method(req_live_stream): key = fafafa
[2023-01-09 14:29:56.560] [spdlog] [warning] running error! method(req_live_stream) errMsg: does not exist key [fafafa]!
[2023-01-09 14:30:09.033] [spdlog] [info] method(req_live_stream): key = A2U52h
[2023-01-09 14:30:21.922] [spdlog] [warning] grpc server shutdown!
[2023-01-09 16:25:47.589] [spdlog] [info] init grpc server...
[2023-01-09 16:25:47.589] [spdlog] [info] grpc listing port: 127.0.0.1:50052
[2023-01-09 16:25:47.596] [spdlog] [info] grpc build and start successful!
[2023-01-09 16:25:47.596] [spdlog] [info] grpc server start wait!
[2023-01-09 16:44:00.302] [spdlog] [warning] grpc server shutdown!
[2023-01-09 16:44:02.666] [spdlog] [info] init grpc server...
[2023-01-09 16:44:02.667] [spdlog] [info] grpc listing port: 127.0.0.1:50052
[2023-01-09 16:44:02.671] [spdlog] [info] grpc build and start successful!
[2023-01-09 16:44:02.671] [spdlog] [info] grpc server start wait!
[2023-01-09 16:44:28.818] [spdlog] [warning] grpc server shutdown!
[2023-01-09 16:45:02.401] [spdlog] [info] init grpc server...
[2023-01-09 16:45:02.401] [spdlog] [info] grpc listing port: 192.168.43.59:50052
[2023-01-09 16:45:02.405] [spdlog] [error] grpc build and start failed!
[2023-01-09 16:45:02.405] [spdlog] [info] grpc server start wait!
[2023-01-09 16:45:33.373] [spdlog] [info] init grpc server...
[2023-01-09 16:45:33.373] [spdlog] [info] grpc listing port: 172.24.10.135:50052
[2023-01-09 16:45:33.374] [spdlog] [info] grpc build and start successful!
[2023-01-09 16:45:33.374] [spdlog] [info] grpc server start wait!
[2023-01-09 16:45:40.208] [spdlog] [info] method(genkey): device_id = fafja
[2023-01-09 16:46:08.981] [spdlog] [info] method(genkey): device_id = fjaofjaofan
[2023-01-09 16:49:22.667] [spdlog] [warning] grpc server shutdown!
[2023-01-09 16:59:54.640] [spdlog] [info] init grpc server...
[2023-01-09 16:59:54.640] [spdlog] [info] grpc listing port: 172.24.10.135:50052
[2023-01-09 16:59:54.641] [spdlog] [info] grpc build and start successful!
[2023-01-09 16:59:54.641] [spdlog] [info] grpc server start wait!
[2023-01-09 16:59:56.283] [spdlog] [info] method(genkey): device_id = 1e2158d6c307ad05
[2023-01-09 17:00:59.645] [spdlog] [info] method(genkey): device_id = 1e2158d6c307ad05
[2023-01-09 17:01:10.569] [spdlog] [info] method(genkey): device_id = 1e2158d6c307ad05
[2023-01-09 17:02:24.368] [spdlog] [warning] grpc server shutdown!
[2023-01-09 17:04:24.659] [spdlog] [info] init grpc server...
[2023-01-09 17:04:24.659] [spdlog] [info] grpc listing port: 172.24.10.135:50052
[2023-01-09 17:04:24.659] [spdlog] [info] grpc build and start successful!
[2023-01-09 17:04:24.660] [spdlog] [info] grpc server start wait!
[2023-01-09 17:04:30.566] [spdlog] [info] method(genkey): device_id = 1e2158d6c307ad05
[2023-01-09 17:04:36.716] [spdlog] [info] method(genkey): device_id = 1e2158d6c307ad05
[2023-01-09 17:04:47.469] [spdlog] [info] method(genkey): device_id = 1e2158d6c307ad05
[2023-01-09 17:05:05.534] [spdlog] [info] method(genkey): device_id = 1e2158d6c307ad05
[2023-01-09 17:05:13.723] [spdlog] [info] method(genkey): device_id = 1e2158d6c307ad05
[2023-01-09 17:05:23.083] [spdlog] [info] method(genkey): device_id = 1e2158d6c307ad05
[2023-01-09 17:05:41.694] [spdlog] [info] method(genkey): device_id = 1e2158d6c307ad05
[2023-01-09 17:05:47.223] [spdlog] [info] method(genkey): device_id = 1e2158d6c307ad05
[2023-01-09 17:06:03.841] [spdlog] [info] method(genkey): device_id = 1e2158d6c307ad05
[2023-01-09 17:13:58.040] [spdlog] [info] method(genkey): device_id = 1e2158d6c307ad05
[2023-01-09 17:14:34.850] [spdlog] [info] method(genkey): device_id = 1e2158d6c307ad05
[2023-01-09 17:14:51.667] [spdlog] [info] method(genkey): device_id = 1e2158d6c307ad05
[2023-01-09 17:31:25.584] [spdlog] [info] method(genkey): device_id = 1e2158d6c307ad05
[2023-01-09 17:35:35.272] [spdlog] [info] method(genkey): device_id = 1e2158d6c307ad05
[2023-01-09 17:36:26.361] [spdlog] [info] method(genkey): device_id = 1e2158d6c307ad05
[2023-01-09 17:37:34.993] [spdlog] [info] method(genkey): device_id = 1e2158d6c307ad05
[2023-01-09 17:38:23.508] [spdlog] [info] method(genkey): device_id = 1e2158d6c307ad05
[2023-01-09 17:38:41.861] [spdlog] [warning] grpc server shutdown!
[2023-01-09 22:03:19.042] [spdlog] [info] init grpc server...
[2023-01-09 22:03:19.055] [spdlog] [info] grpc listing port: 172.24.10.121:50052
[2023-01-09 22:03:19.066] [spdlog] [info] grpc build and start successful!
[2023-01-09 22:03:19.066] [spdlog] [info] grpc server start wait!
[2023-01-09 22:06:33.919] [spdlog] [info] method(genkey): device_id = 1e2158d6c307ad05
[2023-01-09 22:06:44.076] [spdlog] [info] method(genkey): device_id = 1e2158d6c307ad05
[2023-01-09 22:22:10.378] [spdlog] [info] method(genkey): device_id = 5d06667160d87440
[2023-01-09 22:22:24.710] [spdlog] [info] method(genkey): device_id = 5d06667160d87440
[2023-01-09 22:24:15.021] [spdlog] [info] method(genkey): device_id = 5d06667160d87440
[2023-01-09 22:25:07.417] [spdlog] [info] method(genkey): device_id = 5d06667160d87440
[2023-01-09 22:26:13.169] [spdlog] [info] method(genkey): device_id = 1e2158d6c307ad05
[2023-01-09 22:27:01.210] [spdlog] [info] method(genkey): device_id = 1e2158d6c307ad05
[2023-01-09 22:29:13.982] [spdlog] [info] method(genkey): device_id = 1e2158d6c307ad05
[2023-01-09 22:30:25.189] [spdlog] [info] method(genkey): device_id = 1e2158d6c307ad05
[2023-01-09 22:30:48.278] [spdlog] [info] method(genkey): device_id = 1e2158d6c307ad05
