[2022-11-07 11:29:07.649] [spdlog] [warning] grpc server shutdown!
[2022-11-07 17:03:37.677] [spdlog] [info] init grpc server...
[2022-11-07 17:03:37.677] [spdlog] [info] grpc listing port: 0.0.0.0:50051
[2022-11-07 17:03:37.680] [spdlog] [info] grpc build and start successful!
[2022-11-07 17:03:37.680] [spdlog] [info] grpc server start wait!
[2022-11-07 17:03:43.317] [spdlog] [info] method(doLogin): username = %s, password = %s
[2022-11-07 17:04:39.070] [spdlog] [warning] grpc server shutdown!
[2022-11-07 17:05:45.173] [spdlog] [info] init grpc server...
[2022-11-07 17:05:45.173] [spdlog] [info] grpc listing port: 0.0.0.0:50051
[2022-11-07 17:05:45.174] [spdlog] [info] grpc build and start successful!
[2022-11-07 17:05:45.174] [spdlog] [info] grpc server start wait!
[2022-11-07 17:05:48.705] [spdlog] [info] method(doLogin): username = admin, password = 123456
[2022-11-07 17:06:13.130] [spdlog] [info] method(doLogin): username = admin, password = 123456
[2022-11-07 17:06:15.678] [spdlog] [warning] grpc server shutdown!
[2022-11-07 17:09:02.533] [spdlog] [error] api plugin conflict!!! method name: 'login'
[2022-11-07 17:09:02.534] [spdlog] [info] init grpc server...
[2022-11-07 17:09:02.534] [spdlog] [info] grpc listing port: 0.0.0.0:50051
[2022-11-07 17:09:02.534] [spdlog] [info] grpc build and start successful!
[2022-11-07 17:09:02.534] [spdlog] [info] grpc server start wait!
[2022-11-07 17:09:16.356] [spdlog] [info] method(doLogin): username = admin, password = 123456
[2022-11-07 17:09:21.909] [spdlog] [info] method(doLogin): username = admin, password = 123456
[2022-11-07 17:09:22.163] [spdlog] [info] method(doLogin): username = admin, password = 123456
[2022-11-07 17:09:22.334] [spdlog] [info] method(doLogin): username = admin, password = 123456
[2022-11-07 17:09:22.523] [spdlog] [info] method(doLogin): username = admin, password = 123456
[2022-11-07 17:09:22.680] [spdlog] [info] method(doLogin): username = admin, password = 123456
[2022-11-07 17:09:25.764] [spdlog] [warning] grpc server shutdown!
