[2022-11-15 14:35:07.035] [spdlog] [info] init grpc server...
[2022-11-15 14:35:07.035] [spdlog] [info] grpc listing port: 0.0.0.0:50051
[2022-11-15 14:35:07.037] [spdlog] [info] grpc build and start successful!
[2022-11-15 14:35:07.037] [spdlog] [info] grpc server start wait!
[2022-11-15 14:35:19.140] [spdlog] [info] method(login): username = zby, password = 123456
[2022-11-15 14:35:33.386] [spdlog] [warning] grpc server shutdown!
[2022-11-15 14:35:52.605] [spdlog] [info] init grpc server...
[2022-11-15 14:35:52.605] [spdlog] [info] grpc listing port: 0.0.0.0:50051
[2022-11-15 14:35:52.606] [spdlog] [info] grpc build and start successful!
[2022-11-15 14:35:52.606] [spdlog] [info] grpc server start wait!
[2022-11-15 14:35:55.429] [spdlog] [info] method(login): username = zby, password = 123456
[2022-11-15 14:36:06.709] [spdlog] [info] method(login): username = zby, password = 123456
[2022-11-15 14:36:16.456] [spdlog] [info] method(login): username = zby, password = 123456
[2022-11-15 14:36:29.579] [spdlog] [info] method(login): username = zby, password = 123456
[2022-11-15 14:36:50.535] [spdlog] [info] method(login): username = zby, password = 123456
[2022-11-15 14:38:16.375] [spdlog] [info] method(login): username = zby, password = 123456
[2022-11-15 14:39:32.372] [spdlog] [info] method(login): username = zby, password = 123456
[2022-11-15 14:39:34.616] [spdlog] [info] method(login): username = zby, password = 123456
[2022-11-15 14:39:35.188] [spdlog] [info] method(login): username = zby, password = 123456
[2022-11-15 14:39:35.651] [spdlog] [info] method(login): username = zby, password = 123456
[2022-11-15 14:39:36.149] [spdlog] [info] method(login): username = zby, password = 123456
[2022-11-15 14:39:36.920] [spdlog] [info] method(login): username = zby, password = 123456
[2022-11-15 14:41:07.011] [spdlog] [info] method(login): username = zby, password = 123456
[2022-11-15 14:41:49.833] [spdlog] [info] method(login): username = zby, password = 123456
[2022-11-15 16:35:05.023] [spdlog] [warning] grpc server shutdown!
