[2022-11-04 17:22:50.569] [spdlog] [info] init grpc server...
[2022-11-04 17:22:50.569] [spdlog] [info] grpc listing port: 0.0.0.0:50051
[2022-11-04 17:22:50.569] [spdlog] [info] grpc build and start successful!
[2022-11-04 17:22:50.569] [spdlog] [info] grpc server start wait!
[2022-11-04 17:23:50.878] [spdlog] [warning] grpc server shutdown!
[2022-11-04 17:25:53.832] [spdlog] [info] init grpc server...
[2022-11-04 17:25:53.832] [spdlog] [info] grpc listing port: 0.0.0.0:50051
[2022-11-04 17:25:53.833] [spdlog] [info] grpc build and start successful!
[2022-11-04 17:25:53.833] [spdlog] [info] grpc server start wait!
[2022-11-04 17:28:12.513] [spdlog] [warning] grpc server shutdown!
[2022-11-04 17:29:10.952] [spdlog] [info] init grpc server...
[2022-11-04 17:29:10.953] [spdlog] [info] grpc listing port: 0.0.0.0:50051
[2022-11-04 17:29:10.953] [spdlog] [info] grpc build and start successful!
[2022-11-04 17:29:10.953] [spdlog] [info] grpc server start wait!
[2022-11-04 17:29:13.817] [spdlog] [info] send msg body: this is a callback test: fafa
[2022-11-04 17:29:14.157] [spdlog] [info] send msg body: this is a callback test: fa
[2022-11-04 17:29:14.400] [spdlog] [info] send msg body: this is a callback test: fa
[2022-11-04 17:29:14.585] [spdlog] [info] send msg body: this is a callback test: f
[2022-11-04 17:29:14.939] [spdlog] [info] send msg body: this is a callback test: afa
[2022-11-04 17:29:26.395] [spdlog] [warning] grpc server shutdown!
[2022-11-04 17:29:42.709] [spdlog] [info] init grpc server...
[2022-11-04 17:29:42.709] [spdlog] [info] grpc listing port: 0.0.0.0:50051
[2022-11-04 17:29:42.709] [spdlog] [info] grpc build and start successful!
[2022-11-04 17:29:42.710] [spdlog] [info] grpc server start wait!
[2022-11-04 17:29:46.178] [spdlog] [info] send msg body: this is a callback test: fafjua
[2022-11-04 17:29:46.559] [spdlog] [info] send msg body: this is a callback test: fafa
[2022-11-04 17:29:46.940] [spdlog] [info] send msg body: this is a callback test: fa
[2022-11-04 17:29:47.240] [spdlog] [info] send msg body: this is a callback test: fa
[2022-11-04 17:30:03.998] [spdlog] [warning] grpc server shutdown!
[2022-11-04 17:30:48.742] [spdlog] [info] init grpc server...
[2022-11-04 17:30:48.742] [spdlog] [info] grpc listing port: 0.0.0.0:50051
[2022-11-04 17:30:48.742] [spdlog] [info] grpc build and start successful!
[2022-11-04 17:30:48.742] [spdlog] [info] grpc server start wait!
[2022-11-04 17:30:52.584] [spdlog] [info] send msg body: this is a callback test: fah
[2022-11-04 17:30:53.051] [spdlog] [info] send msg body: this is a callback test: fafa
[2022-11-04 17:30:53.873] [spdlog] [info] send msg body: this is a callback test: fa
[2022-11-04 17:31:07.241] [spdlog] [warning] grpc server shutdown!
[2022-11-04 17:32:16.016] [spdlog] [info] init grpc server...
[2022-11-04 17:32:16.016] [spdlog] [info] grpc listing port: 0.0.0.0:50051
[2022-11-04 17:32:16.017] [spdlog] [info] grpc build and start successful!
[2022-11-04 17:32:16.017] [spdlog] [info] grpc server start wait!
[2022-11-04 17:32:18.912] [spdlog] [info] send msg body: this is a callback test: fajf
[2022-11-04 17:32:19.198] [spdlog] [info] send msg body: this is a callback test: fa
[2022-11-04 17:32:19.399] [spdlog] [info] send msg body: this is a callback test: fa
[2022-11-04 17:32:19.693] [spdlog] [info] send msg body: this is a callback test: fa
[2022-11-04 17:33:07.947] [spdlog] [warning] grpc server shutdown!
