[2022-11-08 11:09:08.348] [spdlog] [info] init grpc server...
[2022-11-08 11:09:08.349] [spdlog] [info] grpc listing port: 0.0.0.0:50051
[2022-11-08 11:09:08.349] [spdlog] [info] grpc build and start successful!
[2022-11-08 11:09:08.350] [spdlog] [info] grpc server start wait!
[2022-11-08 11:15:38.511] [spdlog] [info] method(login): username = zby, password = 12345
[2022-11-08 11:16:21.678] [spdlog] [error] method(login): json parse failed!
[2022-11-08 11:16:21.678] [spdlog] [warning] json parser failed! method: login, data: {"method":"login","password":123,"username":"zby"}
[2022-11-08 11:26:11.260] [spdlog] [error] method(login): json parse failed!
[2022-11-08 11:26:11.260] [spdlog] [warning] json parser failed! method: login, data: {"method":"login","password":123,"username":"zby"}
[2022-11-08 11:28:36.468] [spdlog] [warning] grpc server shutdown!
[2022-11-08 11:37:02.573] [spdlog] [info] init grpc server...
[2022-11-08 11:37:02.573] [spdlog] [info] grpc listing port: 0.0.0.0:50051
[2022-11-08 11:37:02.574] [spdlog] [info] grpc build and start successful!
[2022-11-08 11:37:02.574] [spdlog] [info] grpc server start wait!
[2022-11-08 11:37:07.127] [spdlog] [warning] method(login): json parse failed!
[2022-11-08 11:37:07.127] [spdlog] [warning] json parser failed! method: login, data: {"method":"login","password":123,"username":"zby"}
[2022-11-08 11:37:36.352] [spdlog] [info] method(login): username = zby, password = 123456
[2022-11-08 11:38:45.189] [spdlog] [warning] grpc server shutdown!
[2022-11-08 11:40:32.102] [spdlog] [info] init grpc server...
[2022-11-08 11:40:32.102] [spdlog] [info] grpc listing port: 0.0.0.0:50051
[2022-11-08 11:40:32.103] [spdlog] [info] grpc build and start successful!
[2022-11-08 11:40:32.103] [spdlog] [info] grpc server start wait!
[2022-11-08 11:40:34.367] [spdlog] [info] method(login): username = zby, password = 123456
[2022-11-08 11:42:49.733] [spdlog] [warning] grpc server shutdown!
[2022-11-08 11:45:07.556] [spdlog] [info] init grpc server...
[2022-11-08 11:45:07.556] [spdlog] [info] grpc listing port: 0.0.0.0:50051
[2022-11-08 11:45:07.557] [spdlog] [info] grpc build and start successful!
[2022-11-08 11:45:07.557] [spdlog] [info] grpc server start wait!
[2022-11-08 11:45:21.703] [spdlog] [info] method(login): username = zby, password = 123456
[2022-11-08 11:45:27.124] [spdlog] [info] method(login): username = zby, password = 123456
[2022-11-08 11:45:36.567] [spdlog] [info] method(login): username = zby, password = 123456
[2022-11-08 12:05:21.801] [spdlog] [info] method(login): username = zby, password = 123456
[2022-11-08 12:05:35.124] [spdlog] [warning] grpc server shutdown!
[2022-11-08 14:05:04.906] [spdlog] [info] init grpc server...
[2022-11-08 14:05:04.906] [spdlog] [info] grpc listing port: 0.0.0.0:50051
[2022-11-08 14:05:04.911] [spdlog] [info] grpc build and start successful!
[2022-11-08 14:05:04.911] [spdlog] [info] grpc server start wait!
[2022-11-08 14:05:08.539] [spdlog] [info] method(login): username = zby, password = 123456
[2022-11-08 14:05:36.081] [spdlog] [info] method(login): username = zby, password = 123456
[2022-11-08 14:05:42.937] [spdlog] [info] method(login): username = zby, password = 123456
[2022-11-08 14:06:07.336] [spdlog] [info] method(login): username = zby, password = 123456
[2022-11-08 14:06:28.513] [spdlog] [info] method(login): username = zby, password = 123456
[2022-11-08 14:06:42.765] [spdlog] [info] method(login): username = zby, password = 123456
[2022-11-08 14:07:19.584] [spdlog] [info] method(login): username = zby, password = 123456
[2022-11-08 14:07:27.974] [spdlog] [info] method(login): username = zby, password = 123456
[2022-11-08 14:07:33.143] [spdlog] [info] method(login): username = zby, password = 123456
[2022-11-08 14:07:35.689] [spdlog] [info] method(login): username = zby, password = 123456
[2022-11-08 14:07:36.670] [spdlog] [info] method(login): username = zby, password = 123456
[2022-11-08 14:07:37.461] [spdlog] [info] method(login): username = zby, password = 123456
[2022-11-08 14:07:38.410] [spdlog] [info] method(login): username = zby, password = 123456
[2022-11-08 14:07:39.208] [spdlog] [info] method(login): username = zby, password = 123456
[2022-11-08 14:07:39.898] [spdlog] [info] method(login): username = zby, password = 123456
[2022-11-08 14:07:40.749] [spdlog] [info] method(login): username = zby, password = 123456
[2022-11-08 14:08:04.257] [spdlog] [info] method(login): username = zby, password = 123456
[2022-11-08 14:08:05.953] [spdlog] [info] method(login): username = zby, password = 123456
[2022-11-08 14:08:06.550] [spdlog] [info] method(login): username = zby, password = 123456
[2022-11-08 14:08:07.370] [spdlog] [info] method(login): username = zby, password = 123456
[2022-11-08 14:10:01.987] [spdlog] [warning] grpc server shutdown!
